<?xml version="1.0" encoding="UTF-8" standalone="no"?>
<testsuite failures="2" name="cucumber.runtime.formatter.JUnitFormatter" skipped="0" tests="5" time="97.581163">
<testcase classname="Login funtionality for the Amazon application" name="Verify user login for valid crendetials" time="26.143258">
<system-out><![CDATA[Given User should launch the browser and navigate to Amazon application.....passed
And User wait for '5' seconds...............................................passed
Then User verify amazon logo present on the header screen...................passed
When User mouse hover to Hello SignIN element...............................passed
And User click on signin button.............................................passed
And User Enter the email id or mobile number in the login page..............passed
And User click on continue button on login page.............................passed
Then User verify the entered mobile number is displayed.....................passed
When User enter the password in the login page..............................passed
And User click on login button in the login page............................passed
And User wait for '3' seconds...............................................passed
Then User verify the username present in the homepage header................passed
And User wait for '3' seconds...............................................passed
]]></system-out>
</testcase>
<testcase classname="Login funtionality for the Amazon application" name="User add the product using Menu navigation and verify the same in cart" time="30.810994">
<system-out><![CDATA[When User mouse hover to shop by category menu..............................passed
And User select the menu 'Mobile' and the sub menu 'Tablets'................passed
Then User verify the selected sub menu 'Tablets' displayed in the header....passed
And User wait for '3' seconds...............................................passed
When User click check box Amazon prime and Cash on delivery in the filter...passed
And User wait for '3' seconds...............................................passed
And User select the first product and store the product name as 'First Product'.passed
And User switch to next tab and add the selected product to cart............passed
And User wait for '3' seconds...............................................passed
Then User verify the same product name 'First Product' present in the product detail page.passed
And User click on Add to Cart...............................................passed
Then User verify the message 'Added to Cart'................................passed
]]></system-out>
</testcase>
<testcase classname="Login funtionality for the Amazon application" name="User add the product using search" time="22.509601">
<failure message="org.junit.ComparisonFailure: expected:&lt;[Added to Cart]&gt; but was:&lt;[Not added]&gt;&#13;&#10;&#9;at org.junit.Assert.assertEquals(Assert.java:115)&#13;&#10;&#9;at org.junit.Assert.assertEquals(Assert.java:144)&#13;&#10;&#9;at org.amazon.stepdefinition.StepDefinition.user_verify_the_message_Added_to_Cart(StepDefinition.java:194)&#13;&#10;&#9;at ✽.Then User verify the message 'Added to Cart'(LoginScenario.feature:47)&#13;&#10;"><![CDATA[When User click on Amazon logo..............................................passed
When User enter the product name 'Redmi Note 6' in the search feild.........passed
And User wait for '2' seconds...............................................passed
And User click on search button.............................................passed
And User wait for '2' seconds...............................................passed
When User click check box Amazon prime and Cash on delivery in the filter...passed
And User select the first product and store the product name as 'Redmi Note 6'.passed
And User switch to next tab and add the selected product to cart............passed
Then User verify the same product name 'Redmi Note 6' present in the product detail page.passed
And User click on Add to Cart...............................................passed
Then User verify the message 'Added to Cart'................................failed

StackTrace:
org.junit.ComparisonFailure: expected:<[Added to Cart]> but was:<[Not added]>
	at org.junit.Assert.assertEquals(Assert.java:115)
	at org.junit.Assert.assertEquals(Assert.java:144)
	at org.amazon.stepdefinition.StepDefinition.user_verify_the_message_Added_to_Cart(StepDefinition.java:194)
	at ✽.Then User verify the message 'Added to Cart'(LoginScenario.feature:47)
]]></failure>
</testcase>
<testcase classname="Login funtionality for the Amazon application" name="User verify the comparison of two products and add the lowest product to cart" time="14.90141">
<system-out><![CDATA[When User click on Cart button..............................................passed
And User remove the product which is greater in value.......................passed
And User wait for '2' seconds...............................................passed
And User click on product to buy............................................passed
And User wait for '2' seconds...............................................passed
And User click amazon go to homepage........................................passed
And User wait for '2' seconds...............................................passed
]]></system-out>
</testcase>
<testcase classname="Login funtionality for the Amazon application" name="User logout the application" time="3.2159">
<failure message="org.junit.ComparisonFailure: expected:&lt;[Register]&gt; but was:&lt;[Login]&gt;&#13;&#10;&#9;at org.junit.Assert.assertEquals(Assert.java:115)&#13;&#10;&#9;at org.junit.Assert.assertEquals(Assert.java:144)&#13;&#10;&#9;at org.amazon.stepdefinition.StepDefinition.user_verify_login_text_present_in_the_header(StepDefinition.java:249)&#13;&#10;&#9;at ✽.Then User verify 'Register' present in the header(LoginScenario.feature:68)&#13;&#10;"><![CDATA[When User mousehover to Account menu in the header..........................passed
And User wait for '2' seconds...............................................passed
And User click sign out button..............................................passed
Then User verify 'Register' present in the header...........................failed

StackTrace:
org.junit.ComparisonFailure: expected:<[Register]> but was:<[Login]>
	at org.junit.Assert.assertEquals(Assert.java:115)
	at org.junit.Assert.assertEquals(Assert.java:144)
	at org.amazon.stepdefinition.StepDefinition.user_verify_login_text_present_in_the_header(StepDefinition.java:249)
	at ✽.Then User verify 'Register' present in the header(LoginScenario.feature:68)
]]></failure>
</testcase>
</testsuite>
